Train Epoch: 1 [0/60000 (0%)]	Loss: 550.513977
Train Epoch: 1 [1280/60000 (2%)]	Loss: 310.610565
Train Epoch: 1 [2560/60000 (4%)]	Loss: 240.650162
Train Epoch: 1 [3840/60000 (6%)]	Loss: 219.223145
Train Epoch: 1 [5120/60000 (9%)]	Loss: 215.093216
Train Epoch: 1 [6400/60000 (11%)]	Loss: 208.448853
Train Epoch: 1 [7680/60000 (13%)]	Loss: 203.371399
Train Epoch: 1 [8960/60000 (15%)]	Loss: 193.754944
Train Epoch: 1 [10240/60000 (17%)]	Loss: 194.702835
Train Epoch: 1 [11520/60000 (19%)]	Loss: 192.928146
Train Epoch: 1 [12800/60000 (21%)]	Loss: 179.929642
Train Epoch: 1 [14080/60000 (23%)]	Loss: 174.044205
Train Epoch: 1 [15360/60000 (26%)]	Loss: 182.588226
Train Epoch: 1 [16640/60000 (28%)]	Loss: 168.161850
Train Epoch: 1 [17920/60000 (30%)]	Loss: 166.464920
Train Epoch: 1 [19200/60000 (32%)]	Loss: 161.464157
Train Epoch: 1 [20480/60000 (34%)]	Loss: 162.524490
Train Epoch: 1 [21760/60000 (36%)]	Loss: 151.496918
Train Epoch: 1 [23040/60000 (38%)]	Loss: 157.338165
Train Epoch: 1 [24320/60000 (41%)]	Loss: 154.466949
Train Epoch: 1 [25600/60000 (43%)]	Loss: 155.957718
Train Epoch: 1 [26880/60000 (45%)]	Loss: 150.764954
Train Epoch: 1 [28160/60000 (47%)]	Loss: 153.175354
Train Epoch: 1 [29440/60000 (49%)]	Loss: 146.411530
Train Epoch: 1 [30720/60000 (51%)]	Loss: 141.797348
Train Epoch: 1 [32000/60000 (53%)]	Loss: 144.845642
Train Epoch: 1 [33280/60000 (55%)]	Loss: 144.703079
Train Epoch: 1 [34560/60000 (58%)]	Loss: 145.864441
Train Epoch: 1 [35840/60000 (60%)]	Loss: 137.432953
Train Epoch: 1 [37120/60000 (62%)]	Loss: 142.489807
Train Epoch: 1 [38400/60000 (64%)]	Loss: 139.382645
Train Epoch: 1 [39680/60000 (66%)]	Loss: 135.201874
Train Epoch: 1 [40960/60000 (68%)]	Loss: 141.539780
Train Epoch: 1 [42240/60000 (70%)]	Loss: 141.899353
Train Epoch: 1 [43520/60000 (72%)]	Loss: 140.159622
Train Epoch: 1 [44800/60000 (75%)]	Loss: 135.161026
Train Epoch: 1 [46080/60000 (77%)]	Loss: 140.292938
Train Epoch: 1 [47360/60000 (79%)]	Loss: 133.007538
Train Epoch: 1 [48640/60000 (81%)]	Loss: 131.531204
Train Epoch: 1 [49920/60000 (83%)]	Loss: 130.641281
Train Epoch: 1 [51200/60000 (85%)]	Loss: 131.097839
Train Epoch: 1 [52480/60000 (87%)]	Loss: 131.064545
Train Epoch: 1 [53760/60000 (90%)]	Loss: 132.674103
Train Epoch: 1 [55040/60000 (92%)]	Loss: 126.437225
Train Epoch: 1 [56320/60000 (94%)]	Loss: 137.519928
Train Epoch: 1 [57600/60000 (96%)]	Loss: 129.725739
Train Epoch: 1 [58880/60000 (98%)]	Loss: 132.348663
====> Epoch: 1 Average loss: 164.4236
====> Test set loss: 127.1197
Train Epoch: 2 [0/60000 (0%)]	Loss: 123.377586
Train Epoch: 2 [1280/60000 (2%)]	Loss: 121.619995
Train Epoch: 2 [2560/60000 (4%)]	Loss: 125.992783
Train Epoch: 2 [3840/60000 (6%)]	Loss: 130.025253
Train Epoch: 2 [5120/60000 (9%)]	Loss: 129.856262
Train Epoch: 2 [6400/60000 (11%)]	Loss: 131.894135
Train Epoch: 2 [7680/60000 (13%)]	Loss: 127.131981
Train Epoch: 2 [8960/60000 (15%)]	Loss: 126.771484
Train Epoch: 2 [10240/60000 (17%)]	Loss: 129.398590
Train Epoch: 2 [11520/60000 (19%)]	Loss: 123.031464
Train Epoch: 2 [12800/60000 (21%)]	Loss: 124.835411
Train Epoch: 2 [14080/60000 (23%)]	Loss: 121.881096
Train Epoch: 2 [15360/60000 (26%)]	Loss: 126.952438
Train Epoch: 2 [16640/60000 (28%)]	Loss: 124.454453
Train Epoch: 2 [17920/60000 (30%)]	Loss: 124.856232
Train Epoch: 2 [19200/60000 (32%)]	Loss: 123.499016
Train Epoch: 2 [20480/60000 (34%)]	Loss: 124.050453
Train Epoch: 2 [21760/60000 (36%)]	Loss: 121.574280
Train Epoch: 2 [23040/60000 (38%)]	Loss: 122.123726
Train Epoch: 2 [24320/60000 (41%)]	Loss: 120.962944
Train Epoch: 2 [25600/60000 (43%)]	Loss: 120.096642
Train Epoch: 2 [26880/60000 (45%)]	Loss: 117.028351
Train Epoch: 2 [28160/60000 (47%)]	Loss: 121.361206
Train Epoch: 2 [29440/60000 (49%)]	Loss: 122.004654
Train Epoch: 2 [30720/60000 (51%)]	Loss: 113.784698
Train Epoch: 2 [32000/60000 (53%)]	Loss: 119.745552
Train Epoch: 2 [33280/60000 (55%)]	Loss: 116.868439
Train Epoch: 2 [34560/60000 (58%)]	Loss: 120.551575
Train Epoch: 2 [35840/60000 (60%)]	Loss: 119.224808
Train Epoch: 2 [37120/60000 (62%)]	Loss: 121.740891
Train Epoch: 2 [38400/60000 (64%)]	Loss: 117.932991
Train Epoch: 2 [39680/60000 (66%)]	Loss: 117.292595
Train Epoch: 2 [40960/60000 (68%)]	Loss: 120.237457
Train Epoch: 2 [42240/60000 (70%)]	Loss: 121.823944
Train Epoch: 2 [43520/60000 (72%)]	Loss: 117.093430
Train Epoch: 2 [44800/60000 (75%)]	Loss: 120.539490
Train Epoch: 2 [46080/60000 (77%)]	Loss: 121.516731
Train Epoch: 2 [47360/60000 (79%)]	Loss: 117.024170
Train Epoch: 2 [48640/60000 (81%)]	Loss: 120.205154
Train Epoch: 2 [49920/60000 (83%)]	Loss: 114.634628
Train Epoch: 2 [51200/60000 (85%)]	Loss: 118.960320
Train Epoch: 2 [52480/60000 (87%)]	Loss: 117.184799
Train Epoch: 2 [53760/60000 (90%)]	Loss: 115.939980
Train Epoch: 2 [55040/60000 (92%)]	Loss: 115.243042
Train Epoch: 2 [56320/60000 (94%)]	Loss: 116.708374
Train Epoch: 2 [57600/60000 (96%)]	Loss: 116.240875
Train Epoch: 2 [58880/60000 (98%)]	Loss: 117.162689
====> Epoch: 2 Average loss: 121.4443
====> Test set loss: 115.5044
Train Epoch: 3 [0/60000 (0%)]	Loss: 119.954285
Train Epoch: 3 [1280/60000 (2%)]	Loss: 115.970161
Train Epoch: 3 [2560/60000 (4%)]	Loss: 117.894821
Train Epoch: 3 [3840/60000 (6%)]	Loss: 118.796143
Train Epoch: 3 [5120/60000 (9%)]	Loss: 118.315887
Train Epoch: 3 [6400/60000 (11%)]	Loss: 114.907906
Train Epoch: 3 [7680/60000 (13%)]	Loss: 114.670715
Train Epoch: 3 [8960/60000 (15%)]	Loss: 117.662323
Train Epoch: 3 [10240/60000 (17%)]	Loss: 115.601326
Train Epoch: 3 [11520/60000 (19%)]	Loss: 114.721771
Train Epoch: 3 [12800/60000 (21%)]	Loss: 115.082924
Train Epoch: 3 [14080/60000 (23%)]	Loss: 121.441109
Train Epoch: 3 [15360/60000 (26%)]	Loss: 116.552147
Train Epoch: 3 [16640/60000 (28%)]	Loss: 113.984695
Train Epoch: 3 [17920/60000 (30%)]	Loss: 116.577728
Train Epoch: 3 [19200/60000 (32%)]	Loss: 112.206833
Train Epoch: 3 [20480/60000 (34%)]	Loss: 115.011246
Train Epoch: 3 [21760/60000 (36%)]	Loss: 108.221107
Train Epoch: 3 [23040/60000 (38%)]	Loss: 115.489235
Train Epoch: 3 [24320/60000 (41%)]	Loss: 116.408615
Train Epoch: 3 [25600/60000 (43%)]	Loss: 114.904305
Train Epoch: 3 [26880/60000 (45%)]	Loss: 113.302483
Train Epoch: 3 [28160/60000 (47%)]	Loss: 111.817314
Train Epoch: 3 [29440/60000 (49%)]	Loss: 117.041618
Train Epoch: 3 [30720/60000 (51%)]	Loss: 113.154541
Train Epoch: 3 [32000/60000 (53%)]	Loss: 111.152695
Train Epoch: 3 [33280/60000 (55%)]	Loss: 115.584015
Train Epoch: 3 [34560/60000 (58%)]	Loss: 113.315231
Train Epoch: 3 [35840/60000 (60%)]	Loss: 115.470184
Train Epoch: 3 [37120/60000 (62%)]	Loss: 115.965302
Train Epoch: 3 [38400/60000 (64%)]	Loss: 113.437767
Train Epoch: 3 [39680/60000 (66%)]	Loss: 109.014519
Train Epoch: 3 [40960/60000 (68%)]	Loss: 111.022888
Train Epoch: 3 [42240/60000 (70%)]	Loss: 110.457069
Train Epoch: 3 [43520/60000 (72%)]	Loss: 116.807617
Train Epoch: 3 [44800/60000 (75%)]	Loss: 110.795624
Train Epoch: 3 [46080/60000 (77%)]	Loss: 112.406517
Train Epoch: 3 [47360/60000 (79%)]	Loss: 109.792542
Train Epoch: 3 [48640/60000 (81%)]	Loss: 112.097565
Train Epoch: 3 [49920/60000 (83%)]	Loss: 115.069885
Train Epoch: 3 [51200/60000 (85%)]	Loss: 115.904694
Train Epoch: 3 [52480/60000 (87%)]	Loss: 111.212463
Train Epoch: 3 [53760/60000 (90%)]	Loss: 110.809486
Train Epoch: 3 [55040/60000 (92%)]	Loss: 111.319138
Train Epoch: 3 [56320/60000 (94%)]	Loss: 111.123840
Train Epoch: 3 [57600/60000 (96%)]	Loss: 112.328156
Train Epoch: 3 [58880/60000 (98%)]	Loss: 113.847763
====> Epoch: 3 Average loss: 114.3700
====> Test set loss: 111.6150
Train Epoch: 4 [0/60000 (0%)]	Loss: 119.843613
Train Epoch: 4 [1280/60000 (2%)]	Loss: 113.015205
Train Epoch: 4 [2560/60000 (4%)]	Loss: 114.584312
Train Epoch: 4 [3840/60000 (6%)]	Loss: 111.928917
Train Epoch: 4 [5120/60000 (9%)]	Loss: 113.977325
Train Epoch: 4 [6400/60000 (11%)]	Loss: 115.115463
Train Epoch: 4 [7680/60000 (13%)]	Loss: 115.459259
Train Epoch: 4 [8960/60000 (15%)]	Loss: 111.147522
Train Epoch: 4 [10240/60000 (17%)]	Loss: 110.935089
Train Epoch: 4 [11520/60000 (19%)]	Loss: 111.320946
Train Epoch: 4 [12800/60000 (21%)]	Loss: 114.604538
Train Epoch: 4 [14080/60000 (23%)]	Loss: 109.484375
Train Epoch: 4 [15360/60000 (26%)]	Loss: 112.964035
Train Epoch: 4 [16640/60000 (28%)]	Loss: 108.666367
Train Epoch: 4 [17920/60000 (30%)]	Loss: 109.766174
Train Epoch: 4 [19200/60000 (32%)]	Loss: 109.113007
Train Epoch: 4 [20480/60000 (34%)]	Loss: 110.201775
Train Epoch: 4 [21760/60000 (36%)]	Loss: 113.475754
Train Epoch: 4 [23040/60000 (38%)]	Loss: 109.861198
Train Epoch: 4 [24320/60000 (41%)]	Loss: 113.591751
Train Epoch: 4 [25600/60000 (43%)]	Loss: 107.942329
Train Epoch: 4 [26880/60000 (45%)]	Loss: 109.863098
Train Epoch: 4 [28160/60000 (47%)]	Loss: 107.887466
Train Epoch: 4 [29440/60000 (49%)]	Loss: 111.221535
Train Epoch: 4 [30720/60000 (51%)]	Loss: 111.401062
Train Epoch: 4 [32000/60000 (53%)]	Loss: 114.860481
Train Epoch: 4 [33280/60000 (55%)]	Loss: 114.340660
Train Epoch: 4 [34560/60000 (58%)]	Loss: 104.954071
Train Epoch: 4 [35840/60000 (60%)]	Loss: 110.771286
Train Epoch: 4 [37120/60000 (62%)]	Loss: 110.528976
Train Epoch: 4 [38400/60000 (64%)]	Loss: 108.370110
Train Epoch: 4 [39680/60000 (66%)]	Loss: 109.114822
Train Epoch: 4 [40960/60000 (68%)]	Loss: 110.734863
Train Epoch: 4 [42240/60000 (70%)]	Loss: 112.989578
Train Epoch: 4 [43520/60000 (72%)]	Loss: 110.224541
Train Epoch: 4 [44800/60000 (75%)]	Loss: 114.686546
Train Epoch: 4 [46080/60000 (77%)]	Loss: 111.031357
Train Epoch: 4 [47360/60000 (79%)]	Loss: 110.913010
Train Epoch: 4 [48640/60000 (81%)]	Loss: 109.122185
Train Epoch: 4 [49920/60000 (83%)]	Loss: 109.782677
Train Epoch: 4 [51200/60000 (85%)]	Loss: 111.667412
Train Epoch: 4 [52480/60000 (87%)]	Loss: 110.719276
Train Epoch: 4 [53760/60000 (90%)]	Loss: 109.962006
Train Epoch: 4 [55040/60000 (92%)]	Loss: 107.818329
Train Epoch: 4 [56320/60000 (94%)]	Loss: 106.352509
Train Epoch: 4 [57600/60000 (96%)]	Loss: 108.830109
Train Epoch: 4 [58880/60000 (98%)]	Loss: 111.982307
====> Epoch: 4 Average loss: 111.4922
====> Test set loss: 110.1582
Train Epoch: 5 [0/60000 (0%)]	Loss: 107.189499
Train Epoch: 5 [1280/60000 (2%)]	Loss: 111.227081
Train Epoch: 5 [2560/60000 (4%)]	Loss: 110.387909
Train Epoch: 5 [3840/60000 (6%)]	Loss: 110.703896
Train Epoch: 5 [5120/60000 (9%)]	Loss: 107.502144
Train Epoch: 5 [6400/60000 (11%)]	Loss: 108.011215
Train Epoch: 5 [7680/60000 (13%)]	Loss: 109.386147
Train Epoch: 5 [8960/60000 (15%)]	Loss: 111.856575
Train Epoch: 5 [10240/60000 (17%)]	Loss: 110.923447
Train Epoch: 5 [11520/60000 (19%)]	Loss: 108.863464
Train Epoch: 5 [12800/60000 (21%)]	Loss: 114.201820
Train Epoch: 5 [14080/60000 (23%)]	Loss: 106.536957
Train Epoch: 5 [15360/60000 (26%)]	Loss: 112.735291
Train Epoch: 5 [16640/60000 (28%)]	Loss: 111.839699
Train Epoch: 5 [17920/60000 (30%)]	Loss: 107.146896
Train Epoch: 5 [19200/60000 (32%)]	Loss: 109.367310
Train Epoch: 5 [20480/60000 (34%)]	Loss: 107.464767
Train Epoch: 5 [21760/60000 (36%)]	Loss: 107.750626
Train Epoch: 5 [23040/60000 (38%)]	Loss: 112.792191
Train Epoch: 5 [24320/60000 (41%)]	Loss: 107.702515
Train Epoch: 5 [25600/60000 (43%)]	Loss: 112.444069
Train Epoch: 5 [26880/60000 (45%)]	Loss: 108.222527
Train Epoch: 5 [28160/60000 (47%)]	Loss: 107.750870
Train Epoch: 5 [29440/60000 (49%)]	Loss: 106.691223
Train Epoch: 5 [30720/60000 (51%)]	Loss: 105.408417
Train Epoch: 5 [32000/60000 (53%)]	Loss: 109.250549
Train Epoch: 5 [33280/60000 (55%)]	Loss: 114.108391
Train Epoch: 5 [34560/60000 (58%)]	Loss: 111.990936
Train Epoch: 5 [35840/60000 (60%)]	Loss: 111.488510
Train Epoch: 5 [37120/60000 (62%)]	Loss: 111.721909
Train Epoch: 5 [38400/60000 (64%)]	Loss: 110.214371
Train Epoch: 5 [39680/60000 (66%)]	Loss: 110.611313
Train Epoch: 5 [40960/60000 (68%)]	Loss: 107.292618
Train Epoch: 5 [42240/60000 (70%)]	Loss: 111.558029
Train Epoch: 5 [43520/60000 (72%)]	Loss: 108.505737
Train Epoch: 5 [44800/60000 (75%)]	Loss: 106.246429
Train Epoch: 5 [46080/60000 (77%)]	Loss: 108.509521
Train Epoch: 5 [47360/60000 (79%)]	Loss: 108.968002
Train Epoch: 5 [48640/60000 (81%)]	Loss: 114.929901
Train Epoch: 5 [49920/60000 (83%)]	Loss: 108.845596
Train Epoch: 5 [51200/60000 (85%)]	Loss: 112.447632
Train Epoch: 5 [52480/60000 (87%)]	Loss: 107.516930
Train Epoch: 5 [53760/60000 (90%)]	Loss: 107.394814
Train Epoch: 5 [55040/60000 (92%)]	Loss: 110.027794
Train Epoch: 5 [56320/60000 (94%)]	Loss: 109.709381
Train Epoch: 5 [57600/60000 (96%)]	Loss: 110.124725
Train Epoch: 5 [58880/60000 (98%)]	Loss: 113.642769
====> Epoch: 5 Average loss: 109.7401
====> Test set loss: 108.5501
Train Epoch: 6 [0/60000 (0%)]	Loss: 106.460526
Train Epoch: 6 [1280/60000 (2%)]	Loss: 107.564178
Train Epoch: 6 [2560/60000 (4%)]	Loss: 112.129539
Train Epoch: 6 [3840/60000 (6%)]	Loss: 109.363945
Train Epoch: 6 [5120/60000 (9%)]	Loss: 105.747673
Train Epoch: 6 [6400/60000 (11%)]	Loss: 109.495834
Train Epoch: 6 [7680/60000 (13%)]	Loss: 113.129639
Train Epoch: 6 [8960/60000 (15%)]	Loss: 107.644577
Train Epoch: 6 [10240/60000 (17%)]	Loss: 113.051392
Train Epoch: 6 [11520/60000 (19%)]	Loss: 107.865967
Train Epoch: 6 [12800/60000 (21%)]	Loss: 107.202286
Train Epoch: 6 [14080/60000 (23%)]	Loss: 112.844635
Train Epoch: 6 [15360/60000 (26%)]	Loss: 103.517563
Train Epoch: 6 [16640/60000 (28%)]	Loss: 109.557358
Train Epoch: 6 [17920/60000 (30%)]	Loss: 106.572845
Train Epoch: 6 [19200/60000 (32%)]	Loss: 107.204300
Train Epoch: 6 [20480/60000 (34%)]	Loss: 107.374069
Train Epoch: 6 [21760/60000 (36%)]	Loss: 109.438873
Train Epoch: 6 [23040/60000 (38%)]	Loss: 104.413765
Train Epoch: 6 [24320/60000 (41%)]	Loss: 107.695641
Train Epoch: 6 [25600/60000 (43%)]	Loss: 104.167809
Train Epoch: 6 [26880/60000 (45%)]	Loss: 108.275070
Train Epoch: 6 [28160/60000 (47%)]	Loss: 111.341721
Train Epoch: 6 [29440/60000 (49%)]	Loss: 111.754829
Train Epoch: 6 [30720/60000 (51%)]	Loss: 112.915565
Train Epoch: 6 [32000/60000 (53%)]	Loss: 110.914291
Train Epoch: 6 [33280/60000 (55%)]	Loss: 109.580734
Train Epoch: 6 [34560/60000 (58%)]	Loss: 110.448730
Train Epoch: 6 [35840/60000 (60%)]	Loss: 105.236130
Train Epoch: 6 [37120/60000 (62%)]	Loss: 104.651550
Train Epoch: 6 [38400/60000 (64%)]	Loss: 111.612747
Train Epoch: 6 [39680/60000 (66%)]	Loss: 108.954910
Train Epoch: 6 [40960/60000 (68%)]	Loss: 111.383629
Train Epoch: 6 [42240/60000 (70%)]	Loss: 113.604942
Train Epoch: 6 [43520/60000 (72%)]	Loss: 110.188103
Train Epoch: 6 [44800/60000 (75%)]	Loss: 104.384506
Train Epoch: 6 [46080/60000 (77%)]	Loss: 106.311142
Train Epoch: 6 [47360/60000 (79%)]	Loss: 106.133347
Train Epoch: 6 [48640/60000 (81%)]	Loss: 105.231384
Train Epoch: 6 [49920/60000 (83%)]	Loss: 106.632721
Train Epoch: 6 [51200/60000 (85%)]	Loss: 107.642853
Train Epoch: 6 [52480/60000 (87%)]	Loss: 109.077942
Train Epoch: 6 [53760/60000 (90%)]	Loss: 109.781555
Train Epoch: 6 [55040/60000 (92%)]	Loss: 107.656349
Train Epoch: 6 [56320/60000 (94%)]	Loss: 106.839737
Train Epoch: 6 [57600/60000 (96%)]	Loss: 110.381973
Train Epoch: 6 [58880/60000 (98%)]	Loss: 105.872055
====> Epoch: 6 Average loss: 108.6064
====> Test set loss: 107.3907
Train Epoch: 7 [0/60000 (0%)]	Loss: 106.790627
Train Epoch: 7 [1280/60000 (2%)]	Loss: 106.701950
Train Epoch: 7 [2560/60000 (4%)]	Loss: 107.339172
Train Epoch: 7 [3840/60000 (6%)]	Loss: 104.573425
Train Epoch: 7 [5120/60000 (9%)]	Loss: 106.901260
Train Epoch: 7 [6400/60000 (11%)]	Loss: 107.497894
Train Epoch: 7 [7680/60000 (13%)]	Loss: 108.854431
Train Epoch: 7 [8960/60000 (15%)]	Loss: 105.835213
Train Epoch: 7 [10240/60000 (17%)]	Loss: 108.194534
Train Epoch: 7 [11520/60000 (19%)]	Loss: 108.230637
Train Epoch: 7 [12800/60000 (21%)]	Loss: 105.823975
Train Epoch: 7 [14080/60000 (23%)]	Loss: 110.330772
Train Epoch: 7 [15360/60000 (26%)]	Loss: 106.489304
Train Epoch: 7 [16640/60000 (28%)]	Loss: 109.451302
Train Epoch: 7 [17920/60000 (30%)]	Loss: 107.971779
Train Epoch: 7 [19200/60000 (32%)]	Loss: 110.069099
Train Epoch: 7 [20480/60000 (34%)]	Loss: 109.114136
Train Epoch: 7 [21760/60000 (36%)]	Loss: 107.717499
Train Epoch: 7 [23040/60000 (38%)]	Loss: 108.075356
Train Epoch: 7 [24320/60000 (41%)]	Loss: 110.114090
Train Epoch: 7 [25600/60000 (43%)]	Loss: 103.787773
Train Epoch: 7 [26880/60000 (45%)]	Loss: 105.077927
Train Epoch: 7 [28160/60000 (47%)]	Loss: 102.243439
Train Epoch: 7 [29440/60000 (49%)]	Loss: 108.726425
Train Epoch: 7 [30720/60000 (51%)]	Loss: 106.469223
Train Epoch: 7 [32000/60000 (53%)]	Loss: 107.880730
Train Epoch: 7 [33280/60000 (55%)]	Loss: 111.157074
Train Epoch: 7 [34560/60000 (58%)]	Loss: 108.623978
Train Epoch: 7 [35840/60000 (60%)]	Loss: 107.107361
Train Epoch: 7 [37120/60000 (62%)]	Loss: 107.243469
Train Epoch: 7 [38400/60000 (64%)]	Loss: 109.565285
Train Epoch: 7 [39680/60000 (66%)]	Loss: 106.568192
Train Epoch: 7 [40960/60000 (68%)]	Loss: 110.748093
Train Epoch: 7 [42240/60000 (70%)]	Loss: 109.827126
Train Epoch: 7 [43520/60000 (72%)]	Loss: 107.444801
Train Epoch: 7 [44800/60000 (75%)]	Loss: 107.951324
Train Epoch: 7 [46080/60000 (77%)]	Loss: 110.848999
Train Epoch: 7 [47360/60000 (79%)]	Loss: 107.664642
Train Epoch: 7 [48640/60000 (81%)]	Loss: 106.163345
Train Epoch: 7 [49920/60000 (83%)]	Loss: 107.785049
Train Epoch: 7 [51200/60000 (85%)]	Loss: 105.442169
Train Epoch: 7 [52480/60000 (87%)]	Loss: 106.033554
Train Epoch: 7 [53760/60000 (90%)]	Loss: 105.851273
Train Epoch: 7 [55040/60000 (92%)]	Loss: 110.270798
Train Epoch: 7 [56320/60000 (94%)]	Loss: 106.829811
Train Epoch: 7 [57600/60000 (96%)]	Loss: 108.289169
Train Epoch: 7 [58880/60000 (98%)]	Loss: 106.650696
====> Epoch: 7 Average loss: 107.7721
====> Test set loss: 106.9057
Train Epoch: 8 [0/60000 (0%)]	Loss: 107.931213
Train Epoch: 8 [1280/60000 (2%)]	Loss: 107.020828
Train Epoch: 8 [2560/60000 (4%)]	Loss: 104.288559
Train Epoch: 8 [3840/60000 (6%)]	Loss: 105.224464
Train Epoch: 8 [5120/60000 (9%)]	Loss: 106.504768
Train Epoch: 8 [6400/60000 (11%)]	Loss: 108.103500
Train Epoch: 8 [7680/60000 (13%)]	Loss: 109.208527
Train Epoch: 8 [8960/60000 (15%)]	Loss: 104.503525
Train Epoch: 8 [10240/60000 (17%)]	Loss: 106.173500
Train Epoch: 8 [11520/60000 (19%)]	Loss: 108.128891
Train Epoch: 8 [12800/60000 (21%)]	Loss: 107.717682
Train Epoch: 8 [14080/60000 (23%)]	Loss: 103.130447
Train Epoch: 8 [15360/60000 (26%)]	Loss: 107.751175
Train Epoch: 8 [16640/60000 (28%)]	Loss: 108.806366
Train Epoch: 8 [17920/60000 (30%)]	Loss: 104.994995
Train Epoch: 8 [19200/60000 (32%)]	Loss: 110.812119
Train Epoch: 8 [20480/60000 (34%)]	Loss: 102.077271
Train Epoch: 8 [21760/60000 (36%)]	Loss: 106.004623
Train Epoch: 8 [23040/60000 (38%)]	Loss: 106.643120
Train Epoch: 8 [24320/60000 (41%)]	Loss: 108.890045
Train Epoch: 8 [25600/60000 (43%)]	Loss: 107.643890
Train Epoch: 8 [26880/60000 (45%)]	Loss: 106.340919
Train Epoch: 8 [28160/60000 (47%)]	Loss: 107.962425
Train Epoch: 8 [29440/60000 (49%)]	Loss: 104.451752
Train Epoch: 8 [30720/60000 (51%)]	Loss: 107.984329
Train Epoch: 8 [32000/60000 (53%)]	Loss: 108.001068
Train Epoch: 8 [33280/60000 (55%)]	Loss: 105.715836
Train Epoch: 8 [34560/60000 (58%)]	Loss: 109.533859
Train Epoch: 8 [35840/60000 (60%)]	Loss: 106.638466
Train Epoch: 8 [37120/60000 (62%)]	Loss: 105.126617
Train Epoch: 8 [38400/60000 (64%)]	Loss: 108.955536
Train Epoch: 8 [39680/60000 (66%)]	Loss: 109.031906
Train Epoch: 8 [40960/60000 (68%)]	Loss: 105.190865
Train Epoch: 8 [42240/60000 (70%)]	Loss: 110.032265
Train Epoch: 8 [43520/60000 (72%)]	Loss: 107.196518
Train Epoch: 8 [44800/60000 (75%)]	Loss: 103.606140
Train Epoch: 8 [46080/60000 (77%)]	Loss: 106.047844
Train Epoch: 8 [47360/60000 (79%)]	Loss: 106.600479
Train Epoch: 8 [48640/60000 (81%)]	Loss: 107.950317
Train Epoch: 8 [49920/60000 (83%)]	Loss: 105.693390
Train Epoch: 8 [51200/60000 (85%)]	Loss: 106.393066
Train Epoch: 8 [52480/60000 (87%)]	Loss: 104.527924
Train Epoch: 8 [53760/60000 (90%)]	Loss: 105.770660
Train Epoch: 8 [55040/60000 (92%)]	Loss: 104.054352
Train Epoch: 8 [56320/60000 (94%)]	Loss: 108.974716
Train Epoch: 8 [57600/60000 (96%)]	Loss: 106.062592
Train Epoch: 8 [58880/60000 (98%)]	Loss: 105.481728
====> Epoch: 8 Average loss: 107.1222
====> Test set loss: 106.2450
Train Epoch: 9 [0/60000 (0%)]	Loss: 107.902191
Train Epoch: 9 [1280/60000 (2%)]	Loss: 101.928398
Train Epoch: 9 [2560/60000 (4%)]	Loss: 108.802963
Train Epoch: 9 [3840/60000 (6%)]	Loss: 102.961868
Train Epoch: 9 [5120/60000 (9%)]	Loss: 103.519638
Train Epoch: 9 [6400/60000 (11%)]	Loss: 106.701363
Train Epoch: 9 [7680/60000 (13%)]	Loss: 107.300339
Train Epoch: 9 [8960/60000 (15%)]	Loss: 106.172607
Train Epoch: 9 [10240/60000 (17%)]	Loss: 107.021599
Train Epoch: 9 [11520/60000 (19%)]	Loss: 109.561554
Train Epoch: 9 [12800/60000 (21%)]	Loss: 105.970108
Train Epoch: 9 [14080/60000 (23%)]	Loss: 103.359619
Train Epoch: 9 [15360/60000 (26%)]	Loss: 109.468231
Train Epoch: 9 [16640/60000 (28%)]	Loss: 106.945770
Train Epoch: 9 [17920/60000 (30%)]	Loss: 107.712753
Train Epoch: 9 [19200/60000 (32%)]	Loss: 106.599640
Train Epoch: 9 [20480/60000 (34%)]	Loss: 114.311577
Train Epoch: 9 [21760/60000 (36%)]	Loss: 109.268372
Train Epoch: 9 [23040/60000 (38%)]	Loss: 111.460365
Train Epoch: 9 [24320/60000 (41%)]	Loss: 103.627350
Train Epoch: 9 [25600/60000 (43%)]	Loss: 108.776550
Train Epoch: 9 [26880/60000 (45%)]	Loss: 106.860352
Train Epoch: 9 [28160/60000 (47%)]	Loss: 106.621246
Train Epoch: 9 [29440/60000 (49%)]	Loss: 103.357246
Train Epoch: 9 [30720/60000 (51%)]	Loss: 108.155319
Train Epoch: 9 [32000/60000 (53%)]	Loss: 107.862419
Train Epoch: 9 [33280/60000 (55%)]	Loss: 107.680138
Train Epoch: 9 [34560/60000 (58%)]	Loss: 102.752930
Train Epoch: 9 [35840/60000 (60%)]	Loss: 108.030045
Train Epoch: 9 [37120/60000 (62%)]	Loss: 108.802872
Train Epoch: 9 [38400/60000 (64%)]	Loss: 104.883270
Train Epoch: 9 [39680/60000 (66%)]	Loss: 106.013725
Train Epoch: 9 [40960/60000 (68%)]	Loss: 107.122192
Train Epoch: 9 [42240/60000 (70%)]	Loss: 106.842865
Train Epoch: 9 [43520/60000 (72%)]	Loss: 105.112778
Train Epoch: 9 [44800/60000 (75%)]	Loss: 103.181084
Train Epoch: 9 [46080/60000 (77%)]	Loss: 107.438286
Train Epoch: 9 [47360/60000 (79%)]	Loss: 107.183609
Train Epoch: 9 [48640/60000 (81%)]	Loss: 107.056213
Train Epoch: 9 [49920/60000 (83%)]	Loss: 106.242531
Train Epoch: 9 [51200/60000 (85%)]	Loss: 103.279037
Train Epoch: 9 [52480/60000 (87%)]	Loss: 103.688065
Train Epoch: 9 [53760/60000 (90%)]	Loss: 104.984657
Train Epoch: 9 [55040/60000 (92%)]	Loss: 101.089874
Train Epoch: 9 [56320/60000 (94%)]	Loss: 103.952286
Train Epoch: 9 [57600/60000 (96%)]	Loss: 108.547028
Train Epoch: 9 [58880/60000 (98%)]	Loss: 102.453766
====> Epoch: 9 Average loss: 106.6041
====> Test set loss: 105.8571
Train Epoch: 10 [0/60000 (0%)]	Loss: 102.738632
Train Epoch: 10 [1280/60000 (2%)]	Loss: 106.331963
Train Epoch: 10 [2560/60000 (4%)]	Loss: 104.864243
Train Epoch: 10 [3840/60000 (6%)]	Loss: 106.626236
Train Epoch: 10 [5120/60000 (9%)]	Loss: 106.260597
Train Epoch: 10 [6400/60000 (11%)]	Loss: 106.668320
Train Epoch: 10 [7680/60000 (13%)]	Loss: 105.684975
Train Epoch: 10 [8960/60000 (15%)]	Loss: 106.092957
Train Epoch: 10 [10240/60000 (17%)]	Loss: 108.899055
Train Epoch: 10 [11520/60000 (19%)]	Loss: 103.819328
Train Epoch: 10 [12800/60000 (21%)]	Loss: 104.040329
Train Epoch: 10 [14080/60000 (23%)]	Loss: 106.047501
Train Epoch: 10 [15360/60000 (26%)]	Loss: 105.656090
Train Epoch: 10 [16640/60000 (28%)]	Loss: 109.216919
Train Epoch: 10 [17920/60000 (30%)]	Loss: 105.800003
Train Epoch: 10 [19200/60000 (32%)]	Loss: 106.207626
Train Epoch: 10 [20480/60000 (34%)]	Loss: 105.860840
Train Epoch: 10 [21760/60000 (36%)]	Loss: 106.212463
Train Epoch: 10 [23040/60000 (38%)]	Loss: 106.575348
Train Epoch: 10 [24320/60000 (41%)]	Loss: 105.713318
Train Epoch: 10 [25600/60000 (43%)]	Loss: 106.149071
Train Epoch: 10 [26880/60000 (45%)]	Loss: 103.091377
Train Epoch: 10 [28160/60000 (47%)]	Loss: 108.594650
Train Epoch: 10 [29440/60000 (49%)]	Loss: 106.932640
Train Epoch: 10 [30720/60000 (51%)]	Loss: 107.244888
Train Epoch: 10 [32000/60000 (53%)]	Loss: 107.296036
Train Epoch: 10 [33280/60000 (55%)]	Loss: 103.305420
Train Epoch: 10 [34560/60000 (58%)]	Loss: 108.517944
Train Epoch: 10 [35840/60000 (60%)]	Loss: 108.620842
Train Epoch: 10 [37120/60000 (62%)]	Loss: 106.125572
Train Epoch: 10 [38400/60000 (64%)]	Loss: 108.749947
Train Epoch: 10 [39680/60000 (66%)]	Loss: 105.452332
Train Epoch: 10 [40960/60000 (68%)]	Loss: 104.858841
Train Epoch: 10 [42240/60000 (70%)]	Loss: 107.813568
Train Epoch: 10 [43520/60000 (72%)]	Loss: 103.748596
Train Epoch: 10 [44800/60000 (75%)]	Loss: 108.462418
Train Epoch: 10 [46080/60000 (77%)]	Loss: 106.094635
Train Epoch: 10 [47360/60000 (79%)]	Loss: 106.877159
Train Epoch: 10 [48640/60000 (81%)]	Loss: 103.060753
Train Epoch: 10 [49920/60000 (83%)]	Loss: 108.293129
Train Epoch: 10 [51200/60000 (85%)]	Loss: 105.698303
Train Epoch: 10 [52480/60000 (87%)]	Loss: 106.300079
Train Epoch: 10 [53760/60000 (90%)]	Loss: 106.497787
Train Epoch: 10 [55040/60000 (92%)]	Loss: 106.960716
Train Epoch: 10 [56320/60000 (94%)]	Loss: 109.318794
Train Epoch: 10 [57600/60000 (96%)]	Loss: 112.505188
Train Epoch: 10 [58880/60000 (98%)]	Loss: 107.351234
====> Epoch: 10 Average loss: 106.1362
====> Test set loss: 105.4754
2023-12-06 05:15:07-Train Epoch: 1 [0/60000 (0%)]	Loss: 550.513977
2023-12-06 05:15:07-Train Epoch: 1 [1280/60000 (2%)]	Loss: 310.610565
2023-12-06 05:15:07-Train Epoch: 1 [2560/60000 (4%)]	Loss: 240.650162
2023-12-06 05:15:07-Train Epoch: 1 [3840/60000 (6%)]	Loss: 219.223145
2023-12-06 05:15:08-Train Epoch: 1 [5120/60000 (9%)]	Loss: 215.093216
2023-12-06 05:15:08-Train Epoch: 1 [6400/60000 (11%)]	Loss: 208.448837
2023-12-06 05:15:08-Train Epoch: 1 [7680/60000 (13%)]	Loss: 203.371399
2023-12-06 05:15:08-Train Epoch: 1 [8960/60000 (15%)]	Loss: 193.754944
2023-12-06 05:15:08-Train Epoch: 1 [10240/60000 (17%)]	Loss: 194.702850
2023-12-06 05:15:08-Train Epoch: 1 [11520/60000 (19%)]	Loss: 192.928146
2023-12-06 05:15:08-Train Epoch: 1 [12800/60000 (21%)]	Loss: 179.929642
2023-12-06 05:15:08-Train Epoch: 1 [14080/60000 (23%)]	Loss: 174.044205
2023-12-06 05:15:08-Train Epoch: 1 [15360/60000 (26%)]	Loss: 182.588226
2023-12-06 05:15:08-Train Epoch: 1 [16640/60000 (28%)]	Loss: 168.161850
2023-12-06 05:15:08-Train Epoch: 1 [17920/60000 (30%)]	Loss: 166.464920
2023-12-06 05:15:08-Train Epoch: 1 [19200/60000 (32%)]	Loss: 161.464172
2023-12-06 05:15:09-Train Epoch: 1 [20480/60000 (34%)]	Loss: 162.524490
2023-12-06 05:15:09-Train Epoch: 1 [21760/60000 (36%)]	Loss: 151.496918
2023-12-06 05:15:09-Train Epoch: 1 [23040/60000 (38%)]	Loss: 157.338165
2023-12-06 05:15:09-Train Epoch: 1 [24320/60000 (41%)]	Loss: 154.466995
2023-12-06 05:15:09-Train Epoch: 1 [25600/60000 (43%)]	Loss: 155.957886
2023-12-06 05:15:09-Train Epoch: 1 [26880/60000 (45%)]	Loss: 150.764740
2023-12-06 05:15:09-Train Epoch: 1 [28160/60000 (47%)]	Loss: 153.176651
2023-12-06 05:15:09-Train Epoch: 1 [29440/60000 (49%)]	Loss: 146.411072
2023-12-06 05:15:09-Train Epoch: 1 [30720/60000 (51%)]	Loss: 141.792923
2023-12-06 05:15:09-Train Epoch: 1 [32000/60000 (53%)]	Loss: 144.853210
2023-12-06 05:15:09-Train Epoch: 1 [33280/60000 (55%)]	Loss: 144.691238
2023-12-06 05:15:09-Train Epoch: 1 [34560/60000 (58%)]	Loss: 145.865387
2023-12-06 05:15:10-Train Epoch: 1 [35840/60000 (60%)]	Loss: 137.441101
2023-12-06 05:15:10-Train Epoch: 1 [37120/60000 (62%)]	Loss: 142.483627
2023-12-06 05:15:10-Train Epoch: 1 [38400/60000 (64%)]	Loss: 139.385071
2023-12-06 05:15:10-Train Epoch: 1 [39680/60000 (66%)]	Loss: 135.209518
2023-12-06 05:15:10-Train Epoch: 1 [40960/60000 (68%)]	Loss: 141.549255
2023-12-06 05:15:10-Train Epoch: 1 [42240/60000 (70%)]	Loss: 141.830917
2023-12-06 05:15:10-Train Epoch: 1 [43520/60000 (72%)]	Loss: 140.166595
2023-12-06 05:15:10-Train Epoch: 1 [44800/60000 (75%)]	Loss: 135.152634
2023-12-06 05:15:10-Train Epoch: 1 [46080/60000 (77%)]	Loss: 140.289185
2023-12-06 05:15:10-Train Epoch: 1 [47360/60000 (79%)]	Loss: 133.005722
2023-12-06 05:15:10-Train Epoch: 1 [48640/60000 (81%)]	Loss: 131.552689
2023-12-06 05:15:10-Train Epoch: 1 [49920/60000 (83%)]	Loss: 130.647751
2023-12-06 05:15:11-Train Epoch: 1 [51200/60000 (85%)]	Loss: 131.147186
2023-12-06 05:15:11-Train Epoch: 1 [52480/60000 (87%)]	Loss: 131.061386
2023-12-06 05:15:11-Train Epoch: 1 [53760/60000 (90%)]	Loss: 132.655121
2023-12-06 05:15:11-Train Epoch: 1 [55040/60000 (92%)]	Loss: 126.392632
2023-12-06 05:15:11-Train Epoch: 1 [56320/60000 (94%)]	Loss: 137.511688
2023-12-06 05:15:11-Train Epoch: 1 [57600/60000 (96%)]	Loss: 129.714752
2023-12-06 05:15:11-Train Epoch: 1 [58880/60000 (98%)]	Loss: 132.372452
2023-12-06 05:15:11-====> Epoch: 1 Average loss: 164.4213
2023-12-06 05:15:12-====> Test set loss: 127.1255
2023-12-06 05:15:12-Train Epoch: 2 [0/60000 (0%)]	Loss: 123.443527
2023-12-06 05:15:12-Train Epoch: 2 [1280/60000 (2%)]	Loss: 121.644249
2023-12-06 05:15:12-Train Epoch: 2 [2560/60000 (4%)]	Loss: 126.094742
2023-12-06 05:15:12-Train Epoch: 2 [3840/60000 (6%)]	Loss: 129.989578
2023-12-06 05:15:12-Train Epoch: 2 [5120/60000 (9%)]	Loss: 129.844330
2023-12-06 05:15:12-Train Epoch: 2 [6400/60000 (11%)]	Loss: 131.936096
2023-12-06 05:15:13-Train Epoch: 2 [7680/60000 (13%)]	Loss: 127.115471
2023-12-06 05:15:13-Train Epoch: 2 [8960/60000 (15%)]	Loss: 126.737762
2023-12-06 05:15:13-Train Epoch: 2 [10240/60000 (17%)]	Loss: 129.487946
2023-12-06 05:15:13-Train Epoch: 2 [11520/60000 (19%)]	Loss: 123.036331
2023-12-06 05:15:13-Train Epoch: 2 [12800/60000 (21%)]	Loss: 124.796707
2023-12-06 05:15:13-Train Epoch: 2 [14080/60000 (23%)]	Loss: 121.887733
2023-12-06 05:15:13-Train Epoch: 2 [15360/60000 (26%)]	Loss: 126.992813
2023-12-06 05:15:13-Train Epoch: 2 [16640/60000 (28%)]	Loss: 124.457321
2023-12-06 05:15:13-Train Epoch: 2 [17920/60000 (30%)]	Loss: 124.765884
2023-12-06 05:15:13-Train Epoch: 2 [19200/60000 (32%)]	Loss: 123.504562
2023-12-06 05:15:13-Train Epoch: 2 [20480/60000 (34%)]	Loss: 124.065170
2023-12-06 05:15:14-Train Epoch: 2 [21760/60000 (36%)]	Loss: 121.564255
2023-12-06 05:15:14-Train Epoch: 2 [23040/60000 (38%)]	Loss: 122.124847
2023-12-06 05:15:14-Train Epoch: 2 [24320/60000 (41%)]	Loss: 121.034599
2023-12-06 05:15:14-Train Epoch: 2 [25600/60000 (43%)]	Loss: 120.102386
2023-12-06 05:15:14-Train Epoch: 2 [26880/60000 (45%)]	Loss: 117.096298
2023-12-06 05:15:14-Train Epoch: 2 [28160/60000 (47%)]	Loss: 121.380203
2023-12-06 05:15:14-Train Epoch: 2 [29440/60000 (49%)]	Loss: 121.963943
2023-12-06 05:15:14-Train Epoch: 2 [30720/60000 (51%)]	Loss: 113.776245
2023-12-06 05:15:14-Train Epoch: 2 [32000/60000 (53%)]	Loss: 119.713585
2023-12-06 05:15:14-Train Epoch: 2 [33280/60000 (55%)]	Loss: 116.846939
2023-12-06 05:15:14-Train Epoch: 2 [34560/60000 (58%)]	Loss: 120.535248
2023-12-06 05:15:15-Train Epoch: 2 [35840/60000 (60%)]	Loss: 119.188828
2023-12-06 05:15:15-Train Epoch: 2 [37120/60000 (62%)]	Loss: 121.716721
2023-12-06 05:15:15-Train Epoch: 2 [38400/60000 (64%)]	Loss: 117.820160
2023-12-06 05:15:15-Train Epoch: 2 [39680/60000 (66%)]	Loss: 117.259171
2023-12-06 05:15:15-Train Epoch: 2 [40960/60000 (68%)]	Loss: 120.260429
2023-12-06 05:15:15-Train Epoch: 2 [42240/60000 (70%)]	Loss: 121.837585
2023-12-06 05:15:15-Train Epoch: 2 [43520/60000 (72%)]	Loss: 117.021019
2023-12-06 05:15:15-Train Epoch: 2 [44800/60000 (75%)]	Loss: 120.478218
2023-12-06 05:15:15-Train Epoch: 2 [46080/60000 (77%)]	Loss: 121.537643
2023-12-06 05:15:15-Train Epoch: 2 [47360/60000 (79%)]	Loss: 116.947067
2023-12-06 05:15:15-Train Epoch: 2 [48640/60000 (81%)]	Loss: 120.194664
2023-12-06 05:15:15-Train Epoch: 2 [49920/60000 (83%)]	Loss: 114.546722
2023-12-06 05:15:15-Train Epoch: 2 [51200/60000 (85%)]	Loss: 118.934845
2023-12-06 05:15:16-Train Epoch: 2 [52480/60000 (87%)]	Loss: 117.061844
2023-12-06 05:15:16-Train Epoch: 2 [53760/60000 (90%)]	Loss: 115.988480
2023-12-06 05:15:16-Train Epoch: 2 [55040/60000 (92%)]	Loss: 115.347740
2023-12-06 05:15:16-Train Epoch: 2 [56320/60000 (94%)]	Loss: 116.686203
2023-12-06 05:15:16-Train Epoch: 2 [57600/60000 (96%)]	Loss: 116.216995
2023-12-06 05:15:16-Train Epoch: 2 [58880/60000 (98%)]	Loss: 117.127487
2023-12-06 05:15:16-====> Epoch: 2 Average loss: 121.4369
2023-12-06 05:15:17-====> Test set loss: 115.5089
2023-12-06 05:15:17-Train Epoch: 3 [0/60000 (0%)]	Loss: 119.853378
2023-12-06 05:15:17-Train Epoch: 3 [1280/60000 (2%)]	Loss: 115.970329
2023-12-06 05:15:17-Train Epoch: 3 [2560/60000 (4%)]	Loss: 117.915932
2023-12-06 05:15:17-Train Epoch: 3 [3840/60000 (6%)]	Loss: 118.851639
2023-12-06 05:15:17-Train Epoch: 3 [5120/60000 (9%)]	Loss: 118.325363
2023-12-06 05:15:17-Train Epoch: 3 [6400/60000 (11%)]	Loss: 114.990219
2023-12-06 05:15:17-Train Epoch: 3 [7680/60000 (13%)]	Loss: 114.710533
2023-12-06 05:15:18-Train Epoch: 3 [8960/60000 (15%)]	Loss: 117.562439
2023-12-06 05:15:18-Train Epoch: 3 [10240/60000 (17%)]	Loss: 115.551170
2023-12-06 05:15:18-Train Epoch: 3 [11520/60000 (19%)]	Loss: 114.656441
2023-12-06 05:15:18-Train Epoch: 3 [12800/60000 (21%)]	Loss: 115.052933
2023-12-06 05:15:18-Train Epoch: 3 [14080/60000 (23%)]	Loss: 121.427628
2023-12-06 05:15:18-Train Epoch: 3 [15360/60000 (26%)]	Loss: 116.552414
2023-12-06 05:15:18-Train Epoch: 3 [16640/60000 (28%)]	Loss: 114.014458
2023-12-06 05:15:18-Train Epoch: 3 [17920/60000 (30%)]	Loss: 116.627510
2023-12-06 05:15:18-Train Epoch: 3 [19200/60000 (32%)]	Loss: 112.221260
2023-12-06 05:15:18-Train Epoch: 3 [20480/60000 (34%)]	Loss: 114.922806
2023-12-06 05:15:18-Train Epoch: 3 [21760/60000 (36%)]	Loss: 108.207184
2023-12-06 05:15:19-Train Epoch: 3 [23040/60000 (38%)]	Loss: 115.535660
2023-12-06 05:15:19-Train Epoch: 3 [24320/60000 (41%)]	Loss: 116.309738
2023-12-06 05:15:19-Train Epoch: 3 [25600/60000 (43%)]	Loss: 114.844688
2023-12-06 05:15:19-Train Epoch: 3 [26880/60000 (45%)]	Loss: 113.380264
2023-12-06 05:15:19-Train Epoch: 3 [28160/60000 (47%)]	Loss: 111.852470
2023-12-06 05:15:19-Train Epoch: 3 [29440/60000 (49%)]	Loss: 117.065567
2023-12-06 05:15:19-Train Epoch: 3 [30720/60000 (51%)]	Loss: 113.160065
2023-12-06 05:15:19-Train Epoch: 3 [32000/60000 (53%)]	Loss: 111.014282
2023-12-06 05:15:19-Train Epoch: 3 [33280/60000 (55%)]	Loss: 115.518951
2023-12-06 05:15:19-Train Epoch: 3 [34560/60000 (58%)]	Loss: 113.375259
2023-12-06 05:15:19-Train Epoch: 3 [35840/60000 (60%)]	Loss: 115.472160
2023-12-06 05:15:19-Train Epoch: 3 [37120/60000 (62%)]	Loss: 115.942314
2023-12-06 05:15:20-Train Epoch: 3 [38400/60000 (64%)]	Loss: 113.518707
2023-12-06 05:15:20-Train Epoch: 3 [39680/60000 (66%)]	Loss: 109.147598
2023-12-06 05:15:20-Train Epoch: 3 [40960/60000 (68%)]	Loss: 111.109314
2023-12-06 05:15:20-Train Epoch: 3 [42240/60000 (70%)]	Loss: 110.555344
2023-12-06 05:15:20-Train Epoch: 3 [43520/60000 (72%)]	Loss: 116.808411
2023-12-06 05:15:20-Train Epoch: 3 [44800/60000 (75%)]	Loss: 110.645920
2023-12-06 05:15:20-Train Epoch: 3 [46080/60000 (77%)]	Loss: 112.294609
2023-12-06 05:15:20-Train Epoch: 3 [47360/60000 (79%)]	Loss: 109.741241
2023-12-06 05:15:20-Train Epoch: 3 [48640/60000 (81%)]	Loss: 112.101776
2023-12-06 05:15:20-Train Epoch: 3 [49920/60000 (83%)]	Loss: 115.039566
2023-12-06 05:15:20-Train Epoch: 3 [51200/60000 (85%)]	Loss: 115.913055
2023-12-06 05:15:21-Train Epoch: 3 [52480/60000 (87%)]	Loss: 111.273132
2023-12-06 05:15:21-Train Epoch: 3 [53760/60000 (90%)]	Loss: 110.960213
2023-12-06 05:15:21-Train Epoch: 3 [55040/60000 (92%)]	Loss: 111.354362
2023-12-06 05:15:21-Train Epoch: 3 [56320/60000 (94%)]	Loss: 110.907272
2023-12-06 05:15:21-Train Epoch: 3 [57600/60000 (96%)]	Loss: 112.411972
2023-12-06 05:15:21-Train Epoch: 3 [58880/60000 (98%)]	Loss: 113.794083
2023-12-06 05:15:21-====> Epoch: 3 Average loss: 114.3562
2023-12-06 05:15:22-====> Test set loss: 111.6233
2023-12-06 05:15:22-Train Epoch: 4 [0/60000 (0%)]	Loss: 119.767960
2023-12-06 05:15:22-Train Epoch: 4 [1280/60000 (2%)]	Loss: 112.909019
2023-12-06 05:15:22-Train Epoch: 4 [2560/60000 (4%)]	Loss: 114.558945
2023-12-06 05:15:22-Train Epoch: 4 [3840/60000 (6%)]	Loss: 111.923981
2023-12-06 05:15:22-Train Epoch: 4 [5120/60000 (9%)]	Loss: 114.050690
2023-12-06 05:15:22-Train Epoch: 4 [6400/60000 (11%)]	Loss: 115.132477
2023-12-06 05:15:22-Train Epoch: 4 [7680/60000 (13%)]	Loss: 115.416580
2023-12-06 05:15:22-Train Epoch: 4 [8960/60000 (15%)]	Loss: 111.053757
2023-12-06 05:15:23-Train Epoch: 4 [10240/60000 (17%)]	Loss: 111.060318
2023-12-06 05:15:23-Train Epoch: 4 [11520/60000 (19%)]	Loss: 111.192360
2023-12-06 05:15:23-Train Epoch: 4 [12800/60000 (21%)]	Loss: 114.579926
2023-12-06 05:15:23-Train Epoch: 4 [14080/60000 (23%)]	Loss: 109.512772
2023-12-06 05:15:23-Train Epoch: 4 [15360/60000 (26%)]	Loss: 113.011871
2023-12-06 05:15:23-Train Epoch: 4 [16640/60000 (28%)]	Loss: 108.696671
2023-12-06 05:15:23-Train Epoch: 4 [17920/60000 (30%)]	Loss: 109.710320
2023-12-06 05:15:23-Train Epoch: 4 [19200/60000 (32%)]	Loss: 109.146606
2023-12-06 05:15:23-Train Epoch: 4 [20480/60000 (34%)]	Loss: 110.169830
2023-12-06 05:15:23-Train Epoch: 4 [21760/60000 (36%)]	Loss: 113.464867
2023-12-06 05:15:23-Train Epoch: 4 [23040/60000 (38%)]	Loss: 109.776756
2023-12-06 05:15:23-Train Epoch: 4 [24320/60000 (41%)]	Loss: 113.474815
2023-12-06 05:15:24-Train Epoch: 4 [25600/60000 (43%)]	Loss: 107.929535
2023-12-06 05:15:24-Train Epoch: 4 [26880/60000 (45%)]	Loss: 109.955688
2023-12-06 05:15:24-Train Epoch: 4 [28160/60000 (47%)]	Loss: 107.807228
2023-12-06 05:15:24-Train Epoch: 4 [29440/60000 (49%)]	Loss: 111.134552
2023-12-06 05:15:24-Train Epoch: 4 [30720/60000 (51%)]	Loss: 111.472252
2023-12-06 05:15:24-Train Epoch: 4 [32000/60000 (53%)]	Loss: 114.723175
2023-12-06 05:15:24-Train Epoch: 4 [33280/60000 (55%)]	Loss: 114.323990
2023-12-06 05:15:24-Train Epoch: 4 [34560/60000 (58%)]	Loss: 104.999268
2023-12-06 05:15:24-Train Epoch: 4 [35840/60000 (60%)]	Loss: 110.804428
2023-12-06 05:15:24-Train Epoch: 4 [37120/60000 (62%)]	Loss: 110.622925
2023-12-06 05:15:24-Train Epoch: 4 [38400/60000 (64%)]	Loss: 108.395172
2023-12-06 05:15:24-Train Epoch: 4 [39680/60000 (66%)]	Loss: 108.955124
2023-12-06 05:15:25-Train Epoch: 4 [40960/60000 (68%)]	Loss: 110.803413
2023-12-06 05:15:25-Train Epoch: 4 [42240/60000 (70%)]	Loss: 113.120079
2023-12-06 05:15:25-Train Epoch: 4 [43520/60000 (72%)]	Loss: 110.263329
2023-12-06 05:15:25-Train Epoch: 4 [44800/60000 (75%)]	Loss: 114.593826
2023-12-06 05:15:25-Train Epoch: 4 [46080/60000 (77%)]	Loss: 111.246063
2023-12-06 05:15:25-Train Epoch: 4 [47360/60000 (79%)]	Loss: 110.674759
2023-12-06 05:15:25-Train Epoch: 4 [48640/60000 (81%)]	Loss: 109.028198
2023-12-06 05:15:25-Train Epoch: 4 [49920/60000 (83%)]	Loss: 109.863579
2023-12-06 05:15:25-Train Epoch: 4 [51200/60000 (85%)]	Loss: 111.651787
2023-12-06 05:15:25-Train Epoch: 4 [52480/60000 (87%)]	Loss: 110.707497
2023-12-06 05:15:25-Train Epoch: 4 [53760/60000 (90%)]	Loss: 110.121872
2023-12-06 05:15:25-Train Epoch: 4 [55040/60000 (92%)]	Loss: 107.941895
2023-12-06 05:15:26-Train Epoch: 4 [56320/60000 (94%)]	Loss: 106.282936
2023-12-06 05:15:26-Train Epoch: 4 [57600/60000 (96%)]	Loss: 108.962555
2023-12-06 05:15:26-Train Epoch: 4 [58880/60000 (98%)]	Loss: 112.040092
2023-12-06 05:15:26-====> Epoch: 4 Average loss: 111.4945
2023-12-06 05:15:27-====> Test set loss: 110.1457
2023-12-06 05:15:27-Train Epoch: 5 [0/60000 (0%)]	Loss: 107.265244
2023-12-06 05:15:27-Train Epoch: 5 [1280/60000 (2%)]	Loss: 111.422531
2023-12-06 05:15:27-Train Epoch: 5 [2560/60000 (4%)]	Loss: 110.370872
2023-12-06 05:15:27-Train Epoch: 5 [3840/60000 (6%)]	Loss: 110.897842
2023-12-06 05:15:27-Train Epoch: 5 [5120/60000 (9%)]	Loss: 107.450096
2023-12-06 05:15:27-Train Epoch: 5 [6400/60000 (11%)]	Loss: 107.892395
2023-12-06 05:15:27-Train Epoch: 5 [7680/60000 (13%)]	Loss: 109.359535
2023-12-06 05:15:27-Train Epoch: 5 [8960/60000 (15%)]	Loss: 111.808678
2023-12-06 05:15:27-Train Epoch: 5 [10240/60000 (17%)]	Loss: 110.923248
2023-12-06 05:15:27-Train Epoch: 5 [11520/60000 (19%)]	Loss: 108.950569
2023-12-06 05:15:28-Train Epoch: 5 [12800/60000 (21%)]	Loss: 114.288857
2023-12-06 05:15:28-Train Epoch: 5 [14080/60000 (23%)]	Loss: 106.449799
2023-12-06 05:15:28-Train Epoch: 5 [15360/60000 (26%)]	Loss: 112.749268
2023-12-06 05:15:28-Train Epoch: 5 [16640/60000 (28%)]	Loss: 111.836433
2023-12-06 05:15:28-Train Epoch: 5 [17920/60000 (30%)]	Loss: 107.160667
2023-12-06 05:15:28-Train Epoch: 5 [19200/60000 (32%)]	Loss: 109.323639
2023-12-06 05:15:28-Train Epoch: 5 [20480/60000 (34%)]	Loss: 107.453148
2023-12-06 05:15:28-Train Epoch: 5 [21760/60000 (36%)]	Loss: 107.661102
2023-12-06 05:15:28-Train Epoch: 5 [23040/60000 (38%)]	Loss: 112.830582
2023-12-06 05:15:28-Train Epoch: 5 [24320/60000 (41%)]	Loss: 107.734589
2023-12-06 05:15:28-Train Epoch: 5 [25600/60000 (43%)]	Loss: 112.617561
2023-12-06 05:15:28-Train Epoch: 5 [26880/60000 (45%)]	Loss: 108.129036
2023-12-06 05:15:28-Train Epoch: 5 [28160/60000 (47%)]	Loss: 107.672890
2023-12-06 05:15:29-Train Epoch: 5 [29440/60000 (49%)]	Loss: 106.708740
2023-12-06 05:15:29-Train Epoch: 5 [30720/60000 (51%)]	Loss: 105.457138
2023-12-06 05:15:29-Train Epoch: 5 [32000/60000 (53%)]	Loss: 109.370934
2023-12-06 05:15:29-Train Epoch: 5 [33280/60000 (55%)]	Loss: 114.228088
2023-12-06 05:15:29-Train Epoch: 5 [34560/60000 (58%)]	Loss: 112.005325
2023-12-06 05:15:29-Train Epoch: 5 [35840/60000 (60%)]	Loss: 111.518188
2023-12-06 05:15:29-Train Epoch: 5 [37120/60000 (62%)]	Loss: 111.792473
2023-12-06 05:15:29-Train Epoch: 5 [38400/60000 (64%)]	Loss: 110.279579
2023-12-06 05:15:29-Train Epoch: 5 [39680/60000 (66%)]	Loss: 110.620209
2023-12-06 05:15:29-Train Epoch: 5 [40960/60000 (68%)]	Loss: 107.346634
2023-12-06 05:15:29-Train Epoch: 5 [42240/60000 (70%)]	Loss: 111.590355
2023-12-06 05:15:29-Train Epoch: 5 [43520/60000 (72%)]	Loss: 108.448792
2023-12-06 05:15:30-Train Epoch: 5 [44800/60000 (75%)]	Loss: 106.320717
2023-12-06 05:15:30-Train Epoch: 5 [46080/60000 (77%)]	Loss: 108.531105
2023-12-06 05:15:30-Train Epoch: 5 [47360/60000 (79%)]	Loss: 109.056290
2023-12-06 05:15:30-Train Epoch: 5 [48640/60000 (81%)]	Loss: 115.073380
2023-12-06 05:15:30-Train Epoch: 5 [49920/60000 (83%)]	Loss: 108.772789
2023-12-06 05:15:30-Train Epoch: 5 [51200/60000 (85%)]	Loss: 112.487267
2023-12-06 05:15:30-Train Epoch: 5 [52480/60000 (87%)]	Loss: 107.476746
2023-12-06 05:15:30-Train Epoch: 5 [53760/60000 (90%)]	Loss: 107.212822
2023-12-06 05:15:30-Train Epoch: 5 [55040/60000 (92%)]	Loss: 109.923386
2023-12-06 05:15:30-Train Epoch: 5 [56320/60000 (94%)]	Loss: 109.732513
2023-12-06 05:15:30-Train Epoch: 5 [57600/60000 (96%)]	Loss: 110.148758
2023-12-06 05:15:30-Train Epoch: 5 [58880/60000 (98%)]	Loss: 113.517647
2023-12-06 05:15:31-====> Epoch: 5 Average loss: 109.7366
2023-12-06 05:15:31-====> Test set loss: 108.5465
2023-12-06 05:15:31-Train Epoch: 6 [0/60000 (0%)]	Loss: 106.524521
2023-12-06 05:15:31-Train Epoch: 6 [1280/60000 (2%)]	Loss: 107.537346
2023-12-06 05:15:32-Train Epoch: 6 [2560/60000 (4%)]	Loss: 112.109833
2023-12-06 05:15:32-Train Epoch: 6 [3840/60000 (6%)]	Loss: 109.368454
2023-12-06 05:15:32-Train Epoch: 6 [5120/60000 (9%)]	Loss: 105.624359
2023-12-06 05:15:32-Train Epoch: 6 [6400/60000 (11%)]	Loss: 109.483704
2023-12-06 05:15:32-Train Epoch: 6 [7680/60000 (13%)]	Loss: 113.199890
2023-12-06 05:15:32-Train Epoch: 6 [8960/60000 (15%)]	Loss: 107.773125
2023-12-06 05:15:32-Train Epoch: 6 [10240/60000 (17%)]	Loss: 113.048347
2023-12-06 05:15:32-Train Epoch: 6 [11520/60000 (19%)]	Loss: 107.990974
2023-12-06 05:15:32-Train Epoch: 6 [12800/60000 (21%)]	Loss: 107.328590
2023-12-06 05:15:32-Train Epoch: 6 [14080/60000 (23%)]	Loss: 112.766861
2023-12-06 05:15:32-Train Epoch: 6 [15360/60000 (26%)]	Loss: 103.619629
2023-12-06 05:15:32-Train Epoch: 6 [16640/60000 (28%)]	Loss: 109.629059
2023-12-06 05:15:33-Train Epoch: 6 [17920/60000 (30%)]	Loss: 106.568924
2023-12-06 05:15:33-Train Epoch: 6 [19200/60000 (32%)]	Loss: 107.107391
2023-12-06 05:15:33-Train Epoch: 6 [20480/60000 (34%)]	Loss: 107.151001
2023-12-06 05:15:33-Train Epoch: 6 [21760/60000 (36%)]	Loss: 109.460251
2023-12-06 05:15:33-Train Epoch: 6 [23040/60000 (38%)]	Loss: 104.317574
2023-12-06 05:15:33-Train Epoch: 6 [24320/60000 (41%)]	Loss: 107.687714
2023-12-06 05:15:34-Train Epoch: 6 [25600/60000 (43%)]	Loss: 104.258545
2023-12-06 05:15:34-Train Epoch: 6 [26880/60000 (45%)]	Loss: 108.325569
2023-12-06 05:15:34-Train Epoch: 6 [28160/60000 (47%)]	Loss: 111.367004
2023-12-06 05:15:35-Train Epoch: 6 [29440/60000 (49%)]	Loss: 111.553162
2023-12-06 05:15:35-Train Epoch: 6 [30720/60000 (51%)]	Loss: 112.970528
2023-12-06 05:15:35-Train Epoch: 6 [32000/60000 (53%)]	Loss: 110.949326
2023-12-06 05:15:35-Train Epoch: 6 [33280/60000 (55%)]	Loss: 109.594292
2023-12-06 05:15:36-Train Epoch: 6 [34560/60000 (58%)]	Loss: 110.385429
2023-12-06 05:15:36-Train Epoch: 6 [35840/60000 (60%)]	Loss: 105.243881
2023-12-06 05:15:36-Train Epoch: 6 [37120/60000 (62%)]	Loss: 104.708252
2023-12-06 05:15:36-Train Epoch: 6 [38400/60000 (64%)]	Loss: 111.688766
2023-12-06 05:15:36-Train Epoch: 6 [39680/60000 (66%)]	Loss: 108.985497
2023-12-06 05:15:37-Train Epoch: 6 [40960/60000 (68%)]	Loss: 111.191139
2023-12-06 05:15:37-Train Epoch: 6 [42240/60000 (70%)]	Loss: 113.511490
2023-12-06 05:15:37-Train Epoch: 6 [43520/60000 (72%)]	Loss: 110.308380
2023-12-06 05:15:37-Train Epoch: 6 [44800/60000 (75%)]	Loss: 104.411789
2023-12-06 05:15:38-Train Epoch: 6 [46080/60000 (77%)]	Loss: 106.228264
2023-12-06 05:15:38-Train Epoch: 6 [47360/60000 (79%)]	Loss: 106.274155
2023-12-06 05:15:38-Train Epoch: 6 [48640/60000 (81%)]	Loss: 105.217484
2023-12-06 05:15:38-Train Epoch: 6 [49920/60000 (83%)]	Loss: 106.599579
2023-12-06 05:15:38-Train Epoch: 6 [51200/60000 (85%)]	Loss: 107.435608
2023-12-06 05:15:39-Train Epoch: 6 [52480/60000 (87%)]	Loss: 108.930969
2023-12-06 05:15:39-Train Epoch: 6 [53760/60000 (90%)]	Loss: 109.866913
2023-12-06 05:15:39-Train Epoch: 6 [55040/60000 (92%)]	Loss: 107.754852
2023-12-06 05:15:39-Train Epoch: 6 [56320/60000 (94%)]	Loss: 107.087540
2023-12-06 05:15:39-Train Epoch: 6 [57600/60000 (96%)]	Loss: 110.215332
2023-12-06 05:15:40-Train Epoch: 6 [58880/60000 (98%)]	Loss: 105.897263
2023-12-06 05:15:40-====> Epoch: 6 Average loss: 108.6049
2023-12-06 05:15:42-====> Test set loss: 107.3783
2023-12-06 05:15:42-Train Epoch: 7 [0/60000 (0%)]	Loss: 106.732635
2023-12-06 05:15:42-Train Epoch: 7 [1280/60000 (2%)]	Loss: 106.521057
2023-12-06 05:15:43-Train Epoch: 7 [2560/60000 (4%)]	Loss: 107.382935
2023-12-06 05:15:43-Train Epoch: 7 [3840/60000 (6%)]	Loss: 104.434364
2023-12-06 05:15:43-Train Epoch: 7 [5120/60000 (9%)]	Loss: 106.820831
2023-12-06 05:15:43-Train Epoch: 7 [6400/60000 (11%)]	Loss: 107.539413
2023-12-06 05:15:43-Train Epoch: 7 [7680/60000 (13%)]	Loss: 108.828911
2023-12-06 05:15:44-Train Epoch: 7 [8960/60000 (15%)]	Loss: 105.789009
2023-12-06 05:15:44-Train Epoch: 7 [10240/60000 (17%)]	Loss: 108.195793
2023-12-06 05:15:45-Train Epoch: 7 [11520/60000 (19%)]	Loss: 108.274490
2023-12-06 05:15:45-Train Epoch: 7 [12800/60000 (21%)]	Loss: 105.779861
2023-12-06 05:15:45-Train Epoch: 7 [14080/60000 (23%)]	Loss: 110.550827
2023-12-06 05:15:46-Train Epoch: 7 [15360/60000 (26%)]	Loss: 106.492821
2023-12-06 05:15:46-Train Epoch: 7 [16640/60000 (28%)]	Loss: 109.589348
2023-12-06 05:15:46-Train Epoch: 7 [17920/60000 (30%)]	Loss: 107.906784
2023-12-06 05:15:46-Train Epoch: 7 [19200/60000 (32%)]	Loss: 109.999489
2023-12-06 05:15:46-Train Epoch: 7 [20480/60000 (34%)]	Loss: 109.030098
2023-12-06 05:15:47-Train Epoch: 7 [21760/60000 (36%)]	Loss: 107.470261
2023-12-06 05:15:47-Train Epoch: 7 [23040/60000 (38%)]	Loss: 107.922882
2023-12-06 05:15:47-Train Epoch: 7 [24320/60000 (41%)]	Loss: 110.101418
2023-12-06 05:15:47-Train Epoch: 7 [25600/60000 (43%)]	Loss: 103.813385
2023-12-06 05:15:48-Train Epoch: 7 [26880/60000 (45%)]	Loss: 105.010933
2023-12-06 05:15:48-Train Epoch: 7 [28160/60000 (47%)]	Loss: 102.155350
2023-12-06 05:15:48-Train Epoch: 7 [29440/60000 (49%)]	Loss: 108.887115
2023-12-06 05:15:49-Train Epoch: 7 [30720/60000 (51%)]	Loss: 106.439857
2023-12-06 05:15:49-Train Epoch: 7 [32000/60000 (53%)]	Loss: 107.758080
2023-12-06 05:15:49-Train Epoch: 7 [33280/60000 (55%)]	Loss: 110.968033
2023-12-06 05:15:49-Train Epoch: 7 [34560/60000 (58%)]	Loss: 108.616653
2023-12-06 05:15:50-Train Epoch: 7 [35840/60000 (60%)]	Loss: 106.990952
2023-12-06 05:15:50-Train Epoch: 7 [37120/60000 (62%)]	Loss: 107.069916
2023-12-06 05:15:50-Train Epoch: 7 [38400/60000 (64%)]	Loss: 109.437805
2023-12-06 05:15:50-Train Epoch: 7 [39680/60000 (66%)]	Loss: 106.460541
2023-12-06 05:15:50-Train Epoch: 7 [40960/60000 (68%)]	Loss: 110.669312
2023-12-06 05:15:51-Train Epoch: 7 [42240/60000 (70%)]	Loss: 110.140472
2023-12-06 05:15:51-Train Epoch: 7 [43520/60000 (72%)]	Loss: 107.521149
2023-12-06 05:15:51-Train Epoch: 7 [44800/60000 (75%)]	Loss: 108.036705
2023-12-06 05:15:51-Train Epoch: 7 [46080/60000 (77%)]	Loss: 111.058250
2023-12-06 05:15:51-Train Epoch: 7 [47360/60000 (79%)]	Loss: 107.668289
2023-12-06 05:15:52-Train Epoch: 7 [48640/60000 (81%)]	Loss: 106.206863
2023-12-06 05:15:52-Train Epoch: 7 [49920/60000 (83%)]	Loss: 107.685730
2023-12-06 05:15:52-Train Epoch: 7 [51200/60000 (85%)]	Loss: 105.523430
2023-12-06 05:15:52-Train Epoch: 7 [52480/60000 (87%)]	Loss: 106.109360
2023-12-06 05:15:53-Train Epoch: 7 [53760/60000 (90%)]	Loss: 105.921204
2023-12-06 05:15:53-Train Epoch: 7 [55040/60000 (92%)]	Loss: 110.154861
2023-12-06 05:15:53-Train Epoch: 7 [56320/60000 (94%)]	Loss: 106.766052
2023-12-06 05:15:53-Train Epoch: 7 [57600/60000 (96%)]	Loss: 108.275490
2023-12-06 05:15:54-Train Epoch: 7 [58880/60000 (98%)]	Loss: 106.723091
2023-12-06 05:15:54-====> Epoch: 7 Average loss: 107.7612
2023-12-06 05:15:56-====> Test set loss: 106.8996
2023-12-06 05:15:56-Train Epoch: 8 [0/60000 (0%)]	Loss: 107.907387
2023-12-06 05:15:56-Train Epoch: 8 [1280/60000 (2%)]	Loss: 107.046104
2023-12-06 05:15:56-Train Epoch: 8 [2560/60000 (4%)]	Loss: 104.282257
2023-12-06 05:15:57-Train Epoch: 8 [3840/60000 (6%)]	Loss: 105.377502
2023-12-06 05:15:57-Train Epoch: 8 [5120/60000 (9%)]	Loss: 106.511734
2023-12-06 05:15:57-Train Epoch: 8 [6400/60000 (11%)]	Loss: 108.044930
2023-12-06 05:15:57-Train Epoch: 8 [7680/60000 (13%)]	Loss: 109.184486
2023-12-06 05:15:57-Train Epoch: 8 [8960/60000 (15%)]	Loss: 104.411156
2023-12-06 05:15:57-Train Epoch: 8 [10240/60000 (17%)]	Loss: 106.315796
2023-12-06 05:15:57-Train Epoch: 8 [11520/60000 (19%)]	Loss: 108.033157
2023-12-06 05:15:57-Train Epoch: 8 [12800/60000 (21%)]	Loss: 107.688492
2023-12-06 05:15:58-Train Epoch: 8 [14080/60000 (23%)]	Loss: 103.172821
2023-12-06 05:15:58-Train Epoch: 8 [15360/60000 (26%)]	Loss: 107.620590
2023-12-06 05:15:58-Train Epoch: 8 [16640/60000 (28%)]	Loss: 108.896133
2023-12-06 05:15:58-Train Epoch: 8 [17920/60000 (30%)]	Loss: 105.043510
2023-12-06 05:15:58-Train Epoch: 8 [19200/60000 (32%)]	Loss: 110.643349
2023-12-06 05:15:58-Train Epoch: 8 [20480/60000 (34%)]	Loss: 102.193977
2023-12-06 05:15:58-Train Epoch: 8 [21760/60000 (36%)]	Loss: 105.787979
2023-12-06 05:15:58-Train Epoch: 8 [23040/60000 (38%)]	Loss: 106.698891
2023-12-06 05:15:58-Train Epoch: 8 [24320/60000 (41%)]	Loss: 108.935104
2023-12-06 05:15:58-Train Epoch: 8 [25600/60000 (43%)]	Loss: 107.585419
2023-12-06 05:15:58-Train Epoch: 8 [26880/60000 (45%)]	Loss: 106.184479
2023-12-06 05:15:59-Train Epoch: 8 [28160/60000 (47%)]	Loss: 107.961960
2023-12-06 05:15:59-Train Epoch: 8 [29440/60000 (49%)]	Loss: 104.534256
2023-12-06 05:15:59-Train Epoch: 8 [30720/60000 (51%)]	Loss: 108.181175
2023-12-06 05:15:59-Train Epoch: 8 [32000/60000 (53%)]	Loss: 108.289734
2023-12-06 05:15:59-Train Epoch: 8 [33280/60000 (55%)]	Loss: 105.666977
2023-12-06 05:15:59-Train Epoch: 8 [34560/60000 (58%)]	Loss: 109.349594
2023-12-06 05:15:59-Train Epoch: 8 [35840/60000 (60%)]	Loss: 106.823273
2023-12-06 05:15:59-Train Epoch: 8 [37120/60000 (62%)]	Loss: 105.103676
2023-12-06 05:15:59-Train Epoch: 8 [38400/60000 (64%)]	Loss: 109.021240
2023-12-06 05:15:59-Train Epoch: 8 [39680/60000 (66%)]	Loss: 108.941330
2023-12-06 05:15:59-Train Epoch: 8 [40960/60000 (68%)]	Loss: 105.119423
2023-12-06 05:15:59-Train Epoch: 8 [42240/60000 (70%)]	Loss: 110.139343
2023-12-06 05:16:00-Train Epoch: 8 [43520/60000 (72%)]	Loss: 107.347351
2023-12-06 05:16:00-Train Epoch: 8 [44800/60000 (75%)]	Loss: 103.614395
2023-12-06 05:16:00-Train Epoch: 8 [46080/60000 (77%)]	Loss: 105.913704
2023-12-06 05:16:00-Train Epoch: 8 [47360/60000 (79%)]	Loss: 106.568604
2023-12-06 05:16:00-Train Epoch: 8 [48640/60000 (81%)]	Loss: 107.987801
2023-12-06 05:16:00-Train Epoch: 8 [49920/60000 (83%)]	Loss: 105.601501
2023-12-06 05:16:00-Train Epoch: 8 [51200/60000 (85%)]	Loss: 106.433105
2023-12-06 05:16:00-Train Epoch: 8 [52480/60000 (87%)]	Loss: 104.554092
2023-12-06 05:16:00-Train Epoch: 8 [53760/60000 (90%)]	Loss: 105.703850
2023-12-06 05:16:00-Train Epoch: 8 [55040/60000 (92%)]	Loss: 104.242691
2023-12-06 05:16:00-Train Epoch: 8 [56320/60000 (94%)]	Loss: 108.899757
2023-12-06 05:16:00-Train Epoch: 8 [57600/60000 (96%)]	Loss: 106.002296
2023-12-06 05:16:01-Train Epoch: 8 [58880/60000 (98%)]	Loss: 105.469574
2023-12-06 05:16:01-====> Epoch: 8 Average loss: 107.1111
2023-12-06 05:16:01-====> Test set loss: 106.2457
2023-12-06 05:16:02-Train Epoch: 9 [0/60000 (0%)]	Loss: 107.799179
2023-12-06 05:16:02-Train Epoch: 9 [1280/60000 (2%)]	Loss: 101.866501
2023-12-06 05:16:02-Train Epoch: 9 [2560/60000 (4%)]	Loss: 108.717148
2023-12-06 05:16:02-Train Epoch: 9 [3840/60000 (6%)]	Loss: 102.844696
2023-12-06 05:16:02-Train Epoch: 9 [5120/60000 (9%)]	Loss: 103.880775
2023-12-06 05:16:02-Train Epoch: 9 [6400/60000 (11%)]	Loss: 106.760254
2023-12-06 05:16:02-Train Epoch: 9 [7680/60000 (13%)]	Loss: 107.250435
2023-12-06 05:16:02-Train Epoch: 9 [8960/60000 (15%)]	Loss: 106.152405
2023-12-06 05:16:02-Train Epoch: 9 [10240/60000 (17%)]	Loss: 106.933548
2023-12-06 05:16:02-Train Epoch: 9 [11520/60000 (19%)]	Loss: 109.652573
2023-12-06 05:16:02-Train Epoch: 9 [12800/60000 (21%)]	Loss: 105.924454
2023-12-06 05:16:02-Train Epoch: 9 [14080/60000 (23%)]	Loss: 103.302299
2023-12-06 05:16:03-Train Epoch: 9 [15360/60000 (26%)]	Loss: 109.681702
2023-12-06 05:16:03-Train Epoch: 9 [16640/60000 (28%)]	Loss: 106.929283
2023-12-06 05:16:03-Train Epoch: 9 [17920/60000 (30%)]	Loss: 107.580612
2023-12-06 05:16:03-Train Epoch: 9 [19200/60000 (32%)]	Loss: 106.687424
2023-12-06 05:16:03-Train Epoch: 9 [20480/60000 (34%)]	Loss: 114.233253
2023-12-06 05:16:03-Train Epoch: 9 [21760/60000 (36%)]	Loss: 109.220413
2023-12-06 05:16:03-Train Epoch: 9 [23040/60000 (38%)]	Loss: 111.439545
2023-12-06 05:16:03-Train Epoch: 9 [24320/60000 (41%)]	Loss: 103.417847
2023-12-06 05:16:03-Train Epoch: 9 [25600/60000 (43%)]	Loss: 108.978912
2023-12-06 05:16:03-Train Epoch: 9 [26880/60000 (45%)]	Loss: 107.041046
2023-12-06 05:16:03-Train Epoch: 9 [28160/60000 (47%)]	Loss: 106.701057
2023-12-06 05:16:03-Train Epoch: 9 [29440/60000 (49%)]	Loss: 103.413857
2023-12-06 05:16:03-Train Epoch: 9 [30720/60000 (51%)]	Loss: 108.175407
2023-12-06 05:16:04-Train Epoch: 9 [32000/60000 (53%)]	Loss: 107.859085
2023-12-06 05:16:04-Train Epoch: 9 [33280/60000 (55%)]	Loss: 107.633919
2023-12-06 05:16:04-Train Epoch: 9 [34560/60000 (58%)]	Loss: 102.791283
2023-12-06 05:16:04-Train Epoch: 9 [35840/60000 (60%)]	Loss: 107.860809
2023-12-06 05:16:04-Train Epoch: 9 [37120/60000 (62%)]	Loss: 108.662560
2023-12-06 05:16:04-Train Epoch: 9 [38400/60000 (64%)]	Loss: 104.825180
2023-12-06 05:16:04-Train Epoch: 9 [39680/60000 (66%)]	Loss: 105.879448
2023-12-06 05:16:04-Train Epoch: 9 [40960/60000 (68%)]	Loss: 106.942017
2023-12-06 05:16:04-Train Epoch: 9 [42240/60000 (70%)]	Loss: 106.926270
2023-12-06 05:16:04-Train Epoch: 9 [43520/60000 (72%)]	Loss: 105.014336
2023-12-06 05:16:04-Train Epoch: 9 [44800/60000 (75%)]	Loss: 103.180786
2023-12-06 05:16:05-Train Epoch: 9 [46080/60000 (77%)]	Loss: 107.525803
2023-12-06 05:16:05-Train Epoch: 9 [47360/60000 (79%)]	Loss: 107.130173
2023-12-06 05:16:05-Train Epoch: 9 [48640/60000 (81%)]	Loss: 107.047592
2023-12-06 05:16:05-Train Epoch: 9 [49920/60000 (83%)]	Loss: 106.345665
2023-12-06 05:16:05-Train Epoch: 9 [51200/60000 (85%)]	Loss: 103.341675
2023-12-06 05:16:05-Train Epoch: 9 [52480/60000 (87%)]	Loss: 103.776291
2023-12-06 05:16:05-Train Epoch: 9 [53760/60000 (90%)]	Loss: 104.930878
2023-12-06 05:16:05-Train Epoch: 9 [55040/60000 (92%)]	Loss: 101.076553
2023-12-06 05:16:05-Train Epoch: 9 [56320/60000 (94%)]	Loss: 103.730072
2023-12-06 05:16:05-Train Epoch: 9 [57600/60000 (96%)]	Loss: 108.367416
2023-12-06 05:16:05-Train Epoch: 9 [58880/60000 (98%)]	Loss: 102.358505
2023-12-06 05:16:05-====> Epoch: 9 Average loss: 106.6053
2023-12-06 05:16:06-====> Test set loss: 105.8856
2023-12-06 05:16:06-Train Epoch: 10 [0/60000 (0%)]	Loss: 102.693634
2023-12-06 05:16:06-Train Epoch: 10 [1280/60000 (2%)]	Loss: 106.328064
2023-12-06 05:16:06-Train Epoch: 10 [2560/60000 (4%)]	Loss: 105.022087
2023-12-06 05:16:07-Train Epoch: 10 [3840/60000 (6%)]	Loss: 106.812332
2023-12-06 05:16:07-Train Epoch: 10 [5120/60000 (9%)]	Loss: 106.299675
2023-12-06 05:16:07-Train Epoch: 10 [6400/60000 (11%)]	Loss: 106.679764
2023-12-06 05:16:07-Train Epoch: 10 [7680/60000 (13%)]	Loss: 105.645050
2023-12-06 05:16:07-Train Epoch: 10 [8960/60000 (15%)]	Loss: 106.066605
2023-12-06 05:16:07-Train Epoch: 10 [10240/60000 (17%)]	Loss: 109.025955
2023-12-06 05:16:07-Train Epoch: 10 [11520/60000 (19%)]	Loss: 103.864571
2023-12-06 05:16:07-Train Epoch: 10 [12800/60000 (21%)]	Loss: 104.055809
2023-12-06 05:16:07-Train Epoch: 10 [14080/60000 (23%)]	Loss: 105.995392
2023-12-06 05:16:07-Train Epoch: 10 [15360/60000 (26%)]	Loss: 105.581612
2023-12-06 05:16:07-Train Epoch: 10 [16640/60000 (28%)]	Loss: 109.100769
2023-12-06 05:16:07-Train Epoch: 10 [17920/60000 (30%)]	Loss: 105.777634
2023-12-06 05:16:07-Train Epoch: 10 [19200/60000 (32%)]	Loss: 106.252434
2023-12-06 05:16:08-Train Epoch: 10 [20480/60000 (34%)]	Loss: 105.646011
2023-12-06 05:16:08-Train Epoch: 10 [21760/60000 (36%)]	Loss: 106.214966
2023-12-06 05:16:08-Train Epoch: 10 [23040/60000 (38%)]	Loss: 106.874313
2023-12-06 05:16:08-Train Epoch: 10 [24320/60000 (41%)]	Loss: 105.613098
2023-12-06 05:16:08-Train Epoch: 10 [25600/60000 (43%)]	Loss: 106.156296
2023-12-06 05:16:08-Train Epoch: 10 [26880/60000 (45%)]	Loss: 103.125778
2023-12-06 05:16:08-Train Epoch: 10 [28160/60000 (47%)]	Loss: 108.840439
2023-12-06 05:16:08-Train Epoch: 10 [29440/60000 (49%)]	Loss: 106.724106
2023-12-06 05:16:08-Train Epoch: 10 [30720/60000 (51%)]	Loss: 107.302521
2023-12-06 05:16:08-Train Epoch: 10 [32000/60000 (53%)]	Loss: 107.306801
2023-12-06 05:16:08-Train Epoch: 10 [33280/60000 (55%)]	Loss: 103.199883
2023-12-06 05:16:09-Train Epoch: 10 [34560/60000 (58%)]	Loss: 108.440208
2023-12-06 05:16:09-Train Epoch: 10 [35840/60000 (60%)]	Loss: 108.617126
2023-12-06 05:16:09-Train Epoch: 10 [37120/60000 (62%)]	Loss: 105.934830
2023-12-06 05:16:09-Train Epoch: 10 [38400/60000 (64%)]	Loss: 108.508255
2023-12-06 05:16:09-Train Epoch: 10 [39680/60000 (66%)]	Loss: 105.376923
2023-12-06 05:16:09-Train Epoch: 10 [40960/60000 (68%)]	Loss: 104.754105
2023-12-06 05:16:09-Train Epoch: 10 [42240/60000 (70%)]	Loss: 107.741005
2023-12-06 05:16:09-Train Epoch: 10 [43520/60000 (72%)]	Loss: 103.886627
2023-12-06 05:16:09-Train Epoch: 10 [44800/60000 (75%)]	Loss: 108.618080
2023-12-06 05:16:09-Train Epoch: 10 [46080/60000 (77%)]	Loss: 106.164223
2023-12-06 05:16:09-Train Epoch: 10 [47360/60000 (79%)]	Loss: 107.006264
2023-12-06 05:16:09-Train Epoch: 10 [48640/60000 (81%)]	Loss: 103.082687
2023-12-06 05:16:10-Train Epoch: 10 [49920/60000 (83%)]	Loss: 108.472092
2023-12-06 05:16:10-Train Epoch: 10 [51200/60000 (85%)]	Loss: 106.009216
2023-12-06 05:16:10-Train Epoch: 10 [52480/60000 (87%)]	Loss: 106.190842
2023-12-06 05:16:10-Train Epoch: 10 [53760/60000 (90%)]	Loss: 106.592972
2023-12-06 05:16:10-Train Epoch: 10 [55040/60000 (92%)]	Loss: 106.997711
2023-12-06 05:16:10-Train Epoch: 10 [56320/60000 (94%)]	Loss: 109.360039
2023-12-06 05:16:10-Train Epoch: 10 [57600/60000 (96%)]	Loss: 112.652405
2023-12-06 05:16:10-Train Epoch: 10 [58880/60000 (98%)]	Loss: 107.277298
2023-12-06 05:16:10-====> Epoch: 10 Average loss: 106.1388
2023-12-06 05:16:11-====> Test set loss: 105.4921
