2023-12-06 18:42:56-Device: cuda
Files already downloaded and verified
Files already downloaded and verified
EPOCH[TRAIN]1/10: 100%|████████████████████████████| 12500/12500 [25:03<00:00,  8.31it/s, Loss=2.940818]
EPOCH[VALID]1/10: 100%|██████████████████████████████| 2500/2500 [01:29<00:00, 27.79it/s, Loss=2.304950]
2023-12-06 19:09:35-Saved Best Weights
EPOCH[TRAIN]2/10: 100%|████████████████████████████| 12500/12500 [24:59<00:00,  8.34it/s, Loss=2.921319]
EPOCH[VALID]2/10: 100%|██████████████████████████████| 2500/2500 [01:30<00:00, 27.66it/s, Loss=7.515830]
EPOCH[TRAIN]3/10: 100%|████████████████████████████| 12500/12500 [25:05<00:00,  8.30it/s, Loss=2.906847]
EPOCH[VALID]3/10: 100%|██████████████████████████████| 2500/2500 [01:31<00:00, 27.24it/s, Loss=2.304323]
2023-12-06 20:02:45-Saved Best Weights
EPOCH[TRAIN]4/10: 100%|████████████████████████████| 12500/12500 [25:26<00:00,  8.19it/s, Loss=2.893954]
EPOCH[VALID]4/10: 100%|██████████████████████████████| 2500/2500 [01:27<00:00, 28.57it/s, Loss=2.304741]
EPOCH[TRAIN]5/10: 100%|████████████████████████████| 12500/12500 [25:25<00:00,  8.19it/s, Loss=2.785359]
EPOCH[VALID]5/10: 100%|██████████████████████████████| 2500/2500 [01:30<00:00, 27.75it/s, Loss=2.304189]
2023-12-06 20:56:37-Saved Best Weights
EPOCH[TRAIN]6/10: 100%|████████████████████████████| 12500/12500 [25:05<00:00,  8.30it/s, Loss=2.898722]
EPOCH[VALID]6/10: 100%|██████████████████████████████| 2500/2500 [01:30<00:00, 27.72it/s, Loss=2.307339]
EPOCH[TRAIN]7/10: 100%|████████████████████████████| 12500/12500 [25:06<00:00,  8.30it/s, Loss=2.773706]
EPOCH[VALID]7/10: 100%|██████████████████████████████| 2500/2500 [01:30<00:00, 27.57it/s, Loss=2.305079]
EPOCH[TRAIN]8/10: 100%|████████████████████████████| 12500/12500 [25:30<00:00,  8.17it/s, Loss=2.764586]
EPOCH[VALID]8/10: 100%|██████████████████████████████| 2500/2500 [01:29<00:00, 27.86it/s, Loss=2.336081]
EPOCH[TRAIN]9/10: 100%|████████████████████████████| 12500/12500 [25:28<00:00,  8.18it/s, Loss=2.947388]
EPOCH[VALID]9/10: 100%|██████████████████████████████| 2500/2500 [01:31<00:00, 27.34it/s, Loss=2.305404]
EPOCH[TRAIN]10/10: 100%|███████████████████████████| 12500/12500 [25:09<00:00,  8.28it/s, Loss=3.012337]
EPOCH[VALID]10/10: 100%|█████████████████████████████| 2500/2500 [01:32<00:00, 27.13it/s, Loss=2.305681]
2023-12-06 23:10:32-Training Loss : 2.7853585228824613
2023-12-06 23:10:32-Valid Loss : 2.30418905544281
